[debug] [2024-06-21T07:09:00.108Z] ----------------------------------------------------------------------
[debug] [2024-06-21T07:09:00.110Z] Command:       C:\Program Files\nodejs\node.exe C:\Users\josea\AppData\Roaming\npm\node_modules\firebase-tools\lib\bin\firebase.js init
[debug] [2024-06-21T07:09:00.110Z] CLI Version:   13.11.3
[debug] [2024-06-21T07:09:00.110Z] Platform:      win32
[debug] [2024-06-21T07:09:00.110Z] Node Version:  v20.12.1
[debug] [2024-06-21T07:09:00.111Z] Time:          Fri Jun 21 2024 03:09:00 GMT-0400 (hora de Bolivia)
[debug] [2024-06-21T07:09:00.111Z] ----------------------------------------------------------------------
[debug] 
[debug] [2024-06-21T07:09:00.169Z] > command requires scopes: ["email","openid","https://www.googleapis.com/auth/cloudplatformprojects.readonly","https://www.googleapis.com/auth/firebase","https://www.googleapis.com/auth/cloud-platform"]
[debug] [2024-06-21T07:09:00.169Z] > authorizing via signed-in user (josealem03@gmail.com)
[info] 
     ######## #### ########  ######## ########     ###     ######  ########
     ##        ##  ##     ## ##       ##     ##  ##   ##  ##       ##
     ######    ##  ########  ######   ########  #########  ######  ######
     ##        ##  ##    ##  ##       ##     ## ##     ##       ## ##
     ##       #### ##     ## ######## ########  ##     ##  ######  ########

You're about to initialize a Firebase project in this directory:

  C:\Users\josea\Videos\tienda2

Before we get started, keep in mind:

  * You are initializing within an existing Firebase project directory

[info] 
=== Project Setup
[info] 
[info] First, let's associate this project directory with a Firebase project.
[info] You can create multiple project aliases by running firebase use --add, 
[info] but for now we'll just set up a default project.
[info] 
[debug] [2024-06-21T07:10:21.719Z] Using project from CLI flag: tienda-fa7e8
[debug] [2024-06-21T07:10:21.721Z] >>> [apiv2][query] GET https://firebase.googleapis.com/v1beta1/projects/tienda-fa7e8 [none]
[debug] [2024-06-21T07:10:22.203Z] <<< [apiv2][status] GET https://firebase.googleapis.com/v1beta1/projects/tienda-fa7e8 200
[debug] [2024-06-21T07:10:22.203Z] <<< [apiv2][body] GET https://firebase.googleapis.com/v1beta1/projects/tienda-fa7e8 {"projectId":"tienda-fa7e8","projectNumber":"117697052879","displayName":"tienda","name":"projects/tienda-fa7e8","resources":{"hostingSite":"tienda-fa7e8","realtimeDatabaseInstance":"tienda-fa7e8-default-rtdb","storageBucket":"tienda-fa7e8.appspot.com","locationId":"us-central"},"state":"ACTIVE","etag":"1_e9464b43-e1cd-4b5d-a555-f4bb012e2223"}
[info] i  Using project tienda-fa7e8 (tienda) 
[info] 
=== Hosting Setup
[debug] [2024-06-21T07:10:22.210Z] >>> [apiv2][query] GET https://firebase.googleapis.com/v1beta1/projects/tienda-fa7e8 [none]
[debug] [2024-06-21T07:10:22.514Z] <<< [apiv2][status] GET https://firebase.googleapis.com/v1beta1/projects/tienda-fa7e8 200
[debug] [2024-06-21T07:10:22.514Z] <<< [apiv2][body] GET https://firebase.googleapis.com/v1beta1/projects/tienda-fa7e8 {"projectId":"tienda-fa7e8","projectNumber":"117697052879","displayName":"tienda","name":"projects/tienda-fa7e8","resources":{"hostingSite":"tienda-fa7e8","realtimeDatabaseInstance":"tienda-fa7e8-default-rtdb","storageBucket":"tienda-fa7e8.appspot.com","locationId":"us-central"},"state":"ACTIVE","etag":"1_e9464b43-e1cd-4b5d-a555-f4bb012e2223"}
[info] 
[info] Your public directory is the folder (relative to your project directory) that
[info] will contain Hosting assets to be uploaded with firebase deploy. If you
[info] have a build process for your assets, use your build's output directory.
[info] 
